

Started GET "/" for ::1 at 2016-05-09 20:55:12 -0500

ActiveRecord::PendingMigrationError (

Migrations are pending. To resolve this issue, run:

	bin/rake db:migrate RAILS_ENV=development

):
  activerecord (4.2.6) lib/active_record/migration.rb:392:in `check_pending!'
  activerecord (4.2.6) lib/active_record/migration.rb:373:in `call'
  actionpack (4.2.6) lib/action_dispatch/middleware/callbacks.rb:29:in `block in call'
  activesupport (4.2.6) lib/active_support/callbacks.rb:88:in `__run_callbacks__'
  activesupport (4.2.6) lib/active_support/callbacks.rb:778:in `_run_call_callbacks'
  activesupport (4.2.6) lib/active_support/callbacks.rb:81:in `run_callbacks'
  actionpack (4.2.6) lib/action_dispatch/middleware/callbacks.rb:27:in `call'
  actionpack (4.2.6) lib/action_dispatch/middleware/reloader.rb:73:in `call'
  actionpack (4.2.6) lib/action_dispatch/middleware/remote_ip.rb:78:in `call'
  actionpack (4.2.6) lib/action_dispatch/middleware/debug_exceptions.rb:17:in `call'
  web-console (2.3.0) lib/web_console/middleware.rb:28:in `block in call'
  web-console (2.3.0) lib/web_console/middleware.rb:18:in `catch'
  web-console (2.3.0) lib/web_console/middleware.rb:18:in `call'
  actionpack (4.2.6) lib/action_dispatch/middleware/show_exceptions.rb:30:in `call'
  railties (4.2.6) lib/rails/rack/logger.rb:38:in `call_app'
  railties (4.2.6) lib/rails/rack/logger.rb:20:in `block in call'
  activesupport (4.2.6) lib/active_support/tagged_logging.rb:68:in `block in tagged'
  activesupport (4.2.6) lib/active_support/tagged_logging.rb:26:in `tagged'
  activesupport (4.2.6) lib/active_support/tagged_logging.rb:68:in `tagged'
  railties (4.2.6) lib/rails/rack/logger.rb:20:in `call'
  actionpack (4.2.6) lib/action_dispatch/middleware/request_id.rb:21:in `call'
  rack (1.6.4) lib/rack/methodoverride.rb:22:in `call'
  rack (1.6.4) lib/rack/runtime.rb:18:in `call'
  activesupport (4.2.6) lib/active_support/cache/strategy/local_cache_middleware.rb:28:in `call'
  rack (1.6.4) lib/rack/lock.rb:17:in `call'
  actionpack (4.2.6) lib/action_dispatch/middleware/static.rb:120:in `call'
  rack (1.6.4) lib/rack/sendfile.rb:113:in `call'
  railties (4.2.6) lib/rails/engine.rb:518:in `call'
  railties (4.2.6) lib/rails/application.rb:165:in `call'
  rack (1.6.4) lib/rack/lock.rb:17:in `call'
  rack (1.6.4) lib/rack/content_length.rb:15:in `call'
  rack (1.6.4) lib/rack/handler/webrick.rb:88:in `service'
  /Users/cnowak7/.rvm/rubies/ruby-2.3.0/lib/ruby/2.3.0/webrick/httpserver.rb:140:in `service'
  /Users/cnowak7/.rvm/rubies/ruby-2.3.0/lib/ruby/2.3.0/webrick/httpserver.rb:96:in `run'
  /Users/cnowak7/.rvm/rubies/ruby-2.3.0/lib/ruby/2.3.0/webrick/server.rb:296:in `block in start_thread'


  Rendered /Users/cnowak7/.rvm/gems/ruby-2.3.0/gems/actionpack-4.2.6/lib/action_dispatch/middleware/templates/rescues/_source.erb (3.5ms)
  Rendered /Users/cnowak7/.rvm/gems/ruby-2.3.0/gems/actionpack-4.2.6/lib/action_dispatch/middleware/templates/rescues/_trace.html.erb (3.4ms)
  Rendered /Users/cnowak7/.rvm/gems/ruby-2.3.0/gems/actionpack-4.2.6/lib/action_dispatch/middleware/templates/rescues/_request_and_response.html.erb (10.8ms)
  Rendered /Users/cnowak7/.rvm/gems/ruby-2.3.0/gems/actionpack-4.2.6/lib/action_dispatch/middleware/templates/rescues/diagnostics.html.erb within rescues/layout (115.6ms)
  Rendered /Users/cnowak7/.rvm/gems/ruby-2.3.0/gems/web-console-2.3.0/lib/web_console/templates/_markup.html.erb (0.6ms)
  Rendered /Users/cnowak7/.rvm/gems/ruby-2.3.0/gems/web-console-2.3.0/lib/web_console/templates/_inner_console_markup.html.erb within layouts/inlined_string (0.6ms)
  Rendered /Users/cnowak7/.rvm/gems/ruby-2.3.0/gems/web-console-2.3.0/lib/web_console/templates/_prompt_box_markup.html.erb within layouts/inlined_string (0.5ms)
  Rendered /Users/cnowak7/.rvm/gems/ruby-2.3.0/gems/web-console-2.3.0/lib/web_console/templates/style.css.erb within layouts/inlined_string (0.5ms)
  Rendered /Users/cnowak7/.rvm/gems/ruby-2.3.0/gems/web-console-2.3.0/lib/web_console/templates/console.js.erb within layouts/javascript (81.1ms)
  Rendered /Users/cnowak7/.rvm/gems/ruby-2.3.0/gems/web-console-2.3.0/lib/web_console/templates/main.js.erb within layouts/javascript (1.0ms)
  Rendered /Users/cnowak7/.rvm/gems/ruby-2.3.0/gems/web-console-2.3.0/lib/web_console/templates/error_page.js.erb within layouts/javascript (0.4ms)
  Rendered /Users/cnowak7/.rvm/gems/ruby-2.3.0/gems/web-console-2.3.0/lib/web_console/templates/index.html.erb (268.2ms)
  [1m[36m (1.6ms)[0m  [1mCREATE TABLE "schema_migrations" ("version" varchar NOT NULL) [0m
  [1m[35m (0.6ms)[0m  select sqlite_version(*)
  [1m[36m (1.5ms)[0m  [1mCREATE UNIQUE INDEX "unique_schema_migrations" ON "schema_migrations" ("version")[0m
  [1m[35mActiveRecord::SchemaMigration Load (0.1ms)[0m  SELECT "schema_migrations".* FROM "schema_migrations"
Migrating to CreateProducts (20160427005948)
  [1m[36m (0.1ms)[0m  [1mbegin transaction[0m
  [1m[35m (0.8ms)[0m  CREATE TABLE "products" ("id" INTEGER PRIMARY KEY AUTOINCREMENT NOT NULL, "name" varchar, "image" varchar, "description" varchar, "category_id" integer, "vendor_id" integer, "manufacturer_id" integer, "sale_price" float, "purchase_price" float, "quantity_on_hand" integer, "created_at" datetime NOT NULL, "updated_at" datetime NOT NULL) 
  [1m[36mSQL (0.2ms)[0m  [1mINSERT INTO "schema_migrations" ("version") VALUES (?)[0m  [["version", "20160427005948"]]
  [1m[35m (1.0ms)[0m  commit transaction
Migrating to CreateClinics (20160427010507)
  [1m[36m (0.1ms)[0m  [1mbegin transaction[0m
  [1m[35m (0.4ms)[0m  CREATE TABLE "clinics" ("id" INTEGER PRIMARY KEY AUTOINCREMENT NOT NULL, "name" varchar, "email" varchar, "phone_number" varchar, "rating" integer, "created_at" datetime NOT NULL, "updated_at" datetime NOT NULL) 
  [1m[36mSQL (0.1ms)[0m  [1mINSERT INTO "schema_migrations" ("version") VALUES (?)[0m  [["version", "20160427010507"]]
  [1m[35m (1.1ms)[0m  commit transaction
Migrating to CreateVendors (20160427010938)
  [1m[36m (0.1ms)[0m  [1mbegin transaction[0m
  [1m[35m (0.5ms)[0m  CREATE TABLE "vendors" ("id" INTEGER PRIMARY KEY AUTOINCREMENT NOT NULL, "name" varchar, "image" varchar, "description" text, "email" varchar, "phone_number" varchar, "created_at" datetime NOT NULL, "updated_at" datetime NOT NULL) 
  [1m[36mSQL (0.2ms)[0m  [1mINSERT INTO "schema_migrations" ("version") VALUES (?)[0m  [["version", "20160427010938"]]
  [1m[35m (1.1ms)[0m  commit transaction
Migrating to CreateManufacturers (20160427011323)
  [1m[36m (0.1ms)[0m  [1mbegin transaction[0m
  [1m[35m (0.5ms)[0m  CREATE TABLE "manufacturers" ("id" INTEGER PRIMARY KEY AUTOINCREMENT NOT NULL, "name" varchar, "email" varchar, "phone_number" varchar, "created_at" datetime NOT NULL, "updated_at" datetime NOT NULL) 
  [1m[36mSQL (0.2ms)[0m  [1mINSERT INTO "schema_migrations" ("version") VALUES (?)[0m  [["version", "20160427011323"]]
  [1m[35m (1.1ms)[0m  commit transaction
Migrating to CreateCategories (20160503075926)
  [1m[36m (0.1ms)[0m  [1mbegin transaction[0m
  [1m[35m (0.5ms)[0m  CREATE TABLE "categories" ("id" INTEGER PRIMARY KEY AUTOINCREMENT NOT NULL, "name" varchar, "description" text, "created_at" datetime NOT NULL, "updated_at" datetime NOT NULL) 
  [1m[36mSQL (0.2ms)[0m  [1mINSERT INTO "schema_migrations" ("version") VALUES (?)[0m  [["version", "20160503075926"]]
  [1m[35m (1.3ms)[0m  commit transaction
  [1m[36mActiveRecord::SchemaMigration Load (0.1ms)[0m  [1mSELECT "schema_migrations".* FROM "schema_migrations"[0m


Started GET "/" for ::1 at 2016-05-09 20:58:13 -0500
  [1m[36mActiveRecord::SchemaMigration Load (0.6ms)[0m  [1mSELECT "schema_migrations".* FROM "schema_migrations"[0m
Processing by HomeController#index as HTML
  Rendered home/index.html.erb within layouts/application (2364.8ms)
  Rendered layouts/_header.html.erb (4.5ms)
  Rendered layouts/_footer.html.erb (0.7ms)
Completed 200 OK in 2611ms (Views: 2598.5ms | ActiveRecord: 0.0ms)


Started GET "/assets/twitter-bootstrap-static/bootstrap.self-603f330c29af013305325569c8c75d03d688963abd8cde4fffec17b5ce417bfb.css?body=1" for ::1 at 2016-05-09 20:58:17 -0500


Started GET "/assets/bootstrap_and_overrides.self-2cb3834583dfbaf0a39c7139750bf963e05d79cbe811126997e013400be5d8dc.css?body=1" for ::1 at 2016-05-09 20:58:17 -0500


Started GET "/assets/clinics.self-e3b0c44298fc1c149afbf4c8996fb92427ae41e4649b934ca495991b7852b855.css?body=1" for ::1 at 2016-05-09 20:58:17 -0500


Started GET "/assets/home.self-e3b0c44298fc1c149afbf4c8996fb92427ae41e4649b934ca495991b7852b855.css?body=1" for ::1 at 2016-05-09 20:58:17 -0500


Started GET "/assets/categories.self-e3b0c44298fc1c149afbf4c8996fb92427ae41e4649b934ca495991b7852b855.css?body=1" for ::1 at 2016-05-09 20:58:17 -0500


Started GET "/assets/twitter-bootstrap-static/fontawesome.self-2fe4f8a61d73606fbcb036b41f380591906a4da65a9eb5ec0a210fe6980b2ca7.css?body=1" for ::1 at 2016-05-09 20:58:17 -0500


Started GET "/assets/products.self-e3b0c44298fc1c149afbf4c8996fb92427ae41e4649b934ca495991b7852b855.css?body=1" for ::1 at 2016-05-09 20:58:17 -0500


Started GET "/assets/manufacturers.self-e3b0c44298fc1c149afbf4c8996fb92427ae41e4649b934ca495991b7852b855.css?body=1" for ::1 at 2016-05-09 20:58:17 -0500


Started GET "/assets/scaffolds.self-17dbf804da02b917cb914ad9d22d504cf7463e85606807c6ccf0ac2c40031211.css?body=1" for ::1 at 2016-05-09 20:58:17 -0500


Started GET "/assets/vendors.self-e3b0c44298fc1c149afbf4c8996fb92427ae41e4649b934ca495991b7852b855.css?body=1" for ::1 at 2016-05-09 20:58:17 -0500


Started GET "/assets/application.self-a988fa18e9bcae2cfc43e62b18b490b36839e75a1b5e501bd7b8e0153eaa2b69.css?body=1" for ::1 at 2016-05-09 20:58:17 -0500


Started GET "/assets/jquery.self-660adc51e0224b731d29f575a6f1ec167ba08ad06ed5deca4f1e8654c135bf4c.js?body=1" for ::1 at 2016-05-09 20:58:17 -0500


Started GET "/assets/jquery_ujs.self-e87806d0cf4489aeb1bb7288016024e8de67fd18db693fe026fe3907581e53cd.js?body=1" for ::1 at 2016-05-09 20:58:17 -0500


Started GET "/assets/twitter/bootstrap/alert.self-a29e91e8cd3ddaba9bbc466901d53ec2127e9256b9b941905d525a3a716bd1a5.js?body=1" for ::1 at 2016-05-09 20:58:17 -0500


Started GET "/assets/twitter/bootstrap/modal.self-72f95ffa1071297725a9ac91989693d56d1abf23f441a47455073b0da2857a5b.js?body=1" for ::1 at 2016-05-09 20:58:17 -0500


Started GET "/assets/twitter/bootstrap/transition.self-09ff30b1e8a93d1f7728b9855f55d9c9d8d5734c8861e0d8139994e50944572a.js?body=1" for ::1 at 2016-05-09 20:58:17 -0500


Started GET "/assets/twitter/bootstrap/dropdown.self-9314126777c6be5443e37ea7f7967d7914d72b3e60449ba50edc967446373059.js?body=1" for ::1 at 2016-05-09 20:58:17 -0500


Started GET "/assets/twitter/bootstrap/scrollspy.self-a155b9d4b2f978905f0326c0f6635e1134fe91c6bfbfcbad079fa24a9fef2b0e.js?body=1" for ::1 at 2016-05-09 20:58:17 -0500


Started GET "/assets/twitter/bootstrap/tooltip.self-11cf547be953f25f511cec668f6690473fd97b2f65502e4032f4030999a3f0c3.js?body=1" for ::1 at 2016-05-09 20:58:17 -0500


Started GET "/assets/twitter/bootstrap/tab.self-122235057fbd4c6c7da377d59dc58f47b44cb1088a2e38e6ee6ce9d8ac29a26a.js?body=1" for ::1 at 2016-05-09 20:58:17 -0500


Started GET "/assets/twitter/bootstrap/popover.self-77d8e3a2499c1104ef146396a68b82469ee2bdb365199b874694698d10405e9a.js?body=1" for ::1 at 2016-05-09 20:58:17 -0500


Started GET "/assets/twitter/bootstrap/button.self-a6cb16785434acb365ae426aef9f1fce05ed553cae7a965e4471c3da71509175.js?body=1" for ::1 at 2016-05-09 20:58:17 -0500


Started GET "/assets/twitter/bootstrap/collapse.self-7dc8bfbc2fbfabd2bad62c58ff8ffeaf8f20fb87c7ca6cd35f06d4dc19632587.js?body=1" for ::1 at 2016-05-09 20:58:17 -0500


Started GET "/assets/twitter/bootstrap/affix.self-d2b642d8fbfc1d7041e2edefd66683ada567a980789dcd6f94fddda0b33408b5.js?body=1" for ::1 at 2016-05-09 20:58:17 -0500


Started GET "/assets/twitter/bootstrap.self-fbfa5ad7d9aa0afe439ec4ff3883acc4cb92b62cb67c40d674320c9aa1d4642d.js?body=1" for ::1 at 2016-05-09 20:58:17 -0500


Started GET "/assets/turbolinks.self-c37727e9bd6b2735da5c311aa83fead54ed0be6cc8bd9a65309e9c5abe2cbfff.js?body=1" for ::1 at 2016-05-09 20:58:17 -0500


Started GET "/assets/twitter/bootstrap/carousel.self-57eb8422043cf0a85b7a9dc6843916eb0a3e35b419c7798a5eb254b918997631.js?body=1" for ::1 at 2016-05-09 20:58:17 -0500


Started GET "/assets/bootstrap.self-fdc98dee79ee88255e10cac6caa91338165cb76cf0d263744d8d90011fc2ef8f.js?body=1" for ::1 at 2016-05-09 20:58:17 -0500


Started GET "/assets/categories.self-877aef30ae1b040ab8a3aba4e3e309a11d7f2612f44dde450b5c157aa5f95c05.js?body=1" for ::1 at 2016-05-09 20:58:17 -0500


Started GET "/assets/clinics.self-877aef30ae1b040ab8a3aba4e3e309a11d7f2612f44dde450b5c157aa5f95c05.js?body=1" for ::1 at 2016-05-09 20:58:17 -0500


Started GET "/assets/home.self-877aef30ae1b040ab8a3aba4e3e309a11d7f2612f44dde450b5c157aa5f95c05.js?body=1" for ::1 at 2016-05-09 20:58:17 -0500


Started GET "/assets/manufacturers.self-877aef30ae1b040ab8a3aba4e3e309a11d7f2612f44dde450b5c157aa5f95c05.js?body=1" for ::1 at 2016-05-09 20:58:17 -0500


Started GET "/assets/products.self-877aef30ae1b040ab8a3aba4e3e309a11d7f2612f44dde450b5c157aa5f95c05.js?body=1" for ::1 at 2016-05-09 20:58:17 -0500


Started GET "/assets/vendors.self-877aef30ae1b040ab8a3aba4e3e309a11d7f2612f44dde450b5c157aa5f95c05.js?body=1" for ::1 at 2016-05-09 20:58:17 -0500


Started GET "/assets/application.self-d2d80de774f1fbf27eef25f75dd7d6c5b616fd774d0fe7e7afde596ee48cb674.js?body=1" for ::1 at 2016-05-09 20:58:17 -0500


Started GET "/assets/storeLogo%20-%20small-1231151a6490b83ce01fa0b768f758aecfc711de95a5386b815ababe1621e9d9.png" for ::1 at 2016-05-09 20:58:17 -0500


Started GET "/assets/productImage9-7e16fff1308bb14b732aee021dee6177492563c248768c14bd8da571c3bcf7dc.jpg" for ::1 at 2016-05-09 20:58:17 -0500


Started GET "/assets/clinical-practice-1c356043266ce73ac6a2be92c7fd09481f618d0753cc62250fca6594096e9e9c.JPG" for ::1 at 2016-05-09 20:58:17 -0500


Started GET "/assets/vendorImage3-cc67c03a464d0f14a8bc79ffced8b9aabdc97b4ff7564000b46f9cd42b10d906.jpg" for ::1 at 2016-05-09 20:58:17 -0500


Started GET "/assets/search_icon.png" for ::1 at 2016-05-09 20:58:17 -0500


Started GET "/products" for ::1 at 2016-05-09 20:58:24 -0500
Processing by ProductsController#index as HTML
  [1m[35mProduct Load (1.1ms)[0m  SELECT "products".* FROM "products"
  Rendered products/index.html.erb within layouts/application (8.2ms)
  Rendered layouts/_header.html.erb (3.8ms)
  Rendered layouts/_footer.html.erb (0.5ms)
Completed 200 OK in 266ms (Views: 243.9ms | ActiveRecord: 1.3ms)


Started GET "/home/about" for ::1 at 2016-05-09 20:58:27 -0500
Processing by HomeController#about as HTML
  Rendered home/about.html.erb within layouts/application (0.6ms)
  Rendered layouts/_header.html.erb (1.7ms)
  Rendered layouts/_footer.html.erb (0.1ms)
Completed 200 OK in 142ms (Views: 140.5ms | ActiveRecord: 0.0ms)


Started GET "/home/contact" for ::1 at 2016-05-09 20:58:29 -0500
Processing by HomeController#contact as HTML
  Rendered home/contact.html.erb within layouts/application (0.6ms)
  Rendered layouts/_header.html.erb (5.3ms)
  Rendered layouts/_footer.html.erb (0.1ms)
Completed 200 OK in 124ms (Views: 123.1ms | ActiveRecord: 0.0ms)


Started GET "/home/catalog" for ::1 at 2016-05-09 20:58:30 -0500
Processing by HomeController#catalog as HTML
  [1m[36mProduct Load (0.2ms)[0m  [1mSELECT "products".* FROM "products"[0m
  Rendered home/catalog.html.erb within layouts/application (1.7ms)
  Rendered layouts/_header.html.erb (3.0ms)
  Rendered layouts/_footer.html.erb (0.1ms)
Completed 200 OK in 120ms (Views: 119.3ms | ActiveRecord: 0.2ms)


Started GET "/products" for ::1 at 2016-05-09 20:58:32 -0500
Processing by ProductsController#index as HTML
  [1m[35mProduct Load (0.2ms)[0m  SELECT "products".* FROM "products"
  Rendered products/index.html.erb within layouts/application (0.8ms)
  Rendered layouts/_header.html.erb (3.1ms)
  Rendered layouts/_footer.html.erb (0.1ms)
Completed 200 OK in 109ms (Views: 107.6ms | ActiveRecord: 0.2ms)
  [1m[36mActiveRecord::SchemaMigration Load (0.6ms)[0m  [1mSELECT "schema_migrations".* FROM "schema_migrations"[0m
  [1m[35m (0.1ms)[0m  begin transaction
  [1m[36mSQL (1.6ms)[0m  [1mINSERT INTO "vendors" ("name", "image", "description", "email", "phone_number", "created_at", "updated_at") VALUES (?, ?, ?, ?, ?, ?, ?)[0m  [["name", "HealthTech United"], ["image", "vendorImage1.jpg"], ["description", "We provide the most up-to-date technology for practioners in the health industry."], ["email", "healthTechUnited@gmail.com"], ["phone_number", "111-111-1111"], ["created_at", "2016-05-10 01:59:38.078237"], ["updated_at", "2016-05-10 01:59:38.078237"]]
  [1m[35m (1.1ms)[0m  commit transaction
  [1m[36m (0.1ms)[0m  [1mbegin transaction[0m
  [1m[35mSQL (0.2ms)[0m  INSERT INTO "vendors" ("name", "image", "description", "email", "phone_number", "created_at", "updated_at") VALUES (?, ?, ?, ?, ?, ?, ?)  [["name", "Tech-For-Health Foundation"], ["image", "vendorImage2.jpg"], ["description", "Top-notch health technology for top-notch treatment. Let us save lives with you."], ["email", "techForHealth@gmail.com"], ["phone_number", "222-222-2222"], ["created_at", "2016-05-10 01:59:38.087793"], ["updated_at", "2016-05-10 01:59:38.087793"]]
  [1m[36m (0.8ms)[0m  [1mcommit transaction[0m
  [1m[35m (0.1ms)[0m  begin transaction
  [1m[36mSQL (0.2ms)[0m  [1mINSERT INTO "vendors" ("name", "image", "description", "email", "phone_number", "created_at", "updated_at") VALUES (?, ?, ?, ?, ?, ?, ?)[0m  [["name", "Aviato"], ["image", "vendorImage3.jpg"], ["description", "HealthTech United enslaves children overseas to build their tech, so choose us. Aviato is the revolution of health tech."], ["email", "myAviato@gmail.com"], ["phone_number", "333-333-3333"], ["created_at", "2016-05-10 01:59:38.090787"], ["updated_at", "2016-05-10 01:59:38.090787"]]
  [1m[35m (0.8ms)[0m  commit transaction
  [1m[36m (0.1ms)[0m  [1mbegin transaction[0m
  [1m[35mSQL (0.3ms)[0m  INSERT INTO "vendors" ("name", "image", "description", "email", "phone_number", "created_at", "updated_at") VALUES (?, ?, ?, ?, ?, ?, ?)  [["name", "Health-To-The-Tech LLC"], ["image", "vendorImage4.jpg"], ["description", "Buy our health technology so your patients can have the best quality care every time, all the time."], ["email", "healthToTheTech@gmail.com"], ["phone_number", "444-444-4444"], ["created_at", "2016-05-10 01:59:38.093721"], ["updated_at", "2016-05-10 01:59:38.093721"]]
  [1m[36m (0.8ms)[0m  [1mcommit transaction[0m
  [1m[35m (0.1ms)[0m  begin transaction
  [1m[36mSQL (0.9ms)[0m  [1mINSERT INTO "categories" ("name", "description", "created_at", "updated_at") VALUES (?, ?, ?, ?)[0m  [["name", "X-Ray"], ["description", "All technology associated with X-Ray machines."], ["created_at", "2016-05-10 01:59:38.102978"], ["updated_at", "2016-05-10 01:59:38.102978"]]
  [1m[35m (1.2ms)[0m  commit transaction
  [1m[36m (0.1ms)[0m  [1mbegin transaction[0m
  [1m[35mSQL (0.2ms)[0m  INSERT INTO "categories" ("name", "description", "created_at", "updated_at") VALUES (?, ?, ?, ?)  [["name", "MRI"], ["description", "All technology associated with MRI machines."], ["created_at", "2016-05-10 01:59:38.107216"], ["updated_at", "2016-05-10 01:59:38.107216"]]
  [1m[36m (1.0ms)[0m  [1mcommit transaction[0m
  [1m[35m (0.1ms)[0m  begin transaction
  [1m[36mSQL (0.2ms)[0m  [1mINSERT INTO "categories" ("name", "description", "created_at", "updated_at") VALUES (?, ?, ?, ?)[0m  [["name", "Heart Health"], ["description", "All technology associated with measuring, managing, or improving heart function."], ["created_at", "2016-05-10 01:59:38.110024"], ["updated_at", "2016-05-10 01:59:38.110024"]]
  [1m[35m (0.8ms)[0m  commit transaction
  [1m[36m (0.1ms)[0m  [1mbegin transaction[0m
  [1m[35mSQL (0.2ms)[0m  INSERT INTO "categories" ("name", "description", "created_at", "updated_at") VALUES (?, ?, ?, ?)  [["name", "Ultrasound"], ["description", "All technology associated with ultrasound machines."], ["created_at", "2016-05-10 01:59:38.112412"], ["updated_at", "2016-05-10 01:59:38.112412"]]
  [1m[36m (0.9ms)[0m  [1mcommit transaction[0m
  [1m[35m (0.1ms)[0m  begin transaction
  [1m[36mSQL (0.8ms)[0m  [1mINSERT INTO "products" ("name", "image", "description", "category_id", "manufacturer_id", "vendor_id", "sale_price", "purchase_price", "quantity_on_hand", "created_at", "updated_at") VALUES (?, ?, ?, ?, ?, ?, ?, ?, ?, ?, ?)[0m  [["name", "X-Ray Chip"], ["image", "productImage1.jpg"], ["description", "This X-Ray chip is the most advanced in the world"], ["category_id", 1], ["manufacturer_id", 1], ["vendor_id", 1], ["sale_price", 50.0], ["purchase_price", 129.99], ["quantity_on_hand", 30], ["created_at", "2016-05-10 01:59:38.128689"], ["updated_at", "2016-05-10 01:59:38.128689"]]
  [1m[35m (1.1ms)[0m  commit transaction
  [1m[36m (0.1ms)[0m  [1mbegin transaction[0m
  [1m[35mSQL (0.3ms)[0m  INSERT INTO "products" ("name", "image", "description", "category_id", "manufacturer_id", "vendor_id", "purchase_price", "quantity_on_hand", "created_at", "updated_at") VALUES (?, ?, ?, ?, ?, ?, ?, ?, ?, ?)  [["name", "Mini-Mobile X-Ray Machine Model 2"], ["image", "productImage2.jpg"], ["description", "The Mini-Mobile X-Ray Machine Model 2 is hands-down the best for your patients when you're on the go. This is the next generation model for 2016"], ["category_id", 1], ["manufacturer_id", 1], ["vendor_id", 2], ["purchase_price", 2299.99], ["quantity_on_hand", 10], ["created_at", "2016-05-10 01:59:38.133449"], ["updated_at", "2016-05-10 01:59:38.133449"]]
  [1m[36m (1.1ms)[0m  [1mcommit transaction[0m
  [1m[35m (0.1ms)[0m  begin transaction
  [1m[36mSQL (0.2ms)[0m  [1mINSERT INTO "products" ("name", "image", "description", "category_id", "manufacturer_id", "vendor_id", "sale_price", "purchase_price", "quantity_on_hand", "created_at", "updated_at") VALUES (?, ?, ?, ?, ?, ?, ?, ?, ?, ?, ?)[0m  [["name", "Full-Sized X-Ray Machine Model 4A"], ["image", "productImage3.jpg"], ["description", "This is the most vivid X-Ray model yet! Your patients deserve the most accurate test results!"], ["category_id", 1], ["manufacturer_id", 1], ["vendor_id", 3], ["sale_price", 4050.99], ["purchase_price", 4799.99], ["quantity_on_hand", 10], ["created_at", "2016-05-10 01:59:38.137523"], ["updated_at", "2016-05-10 01:59:38.137523"]]
  [1m[35m (1.0ms)[0m  commit transaction
  [1m[36m (0.1ms)[0m  [1mbegin transaction[0m
  [1m[35mSQL (0.3ms)[0m  INSERT INTO "products" ("name", "image", "description", "category_id", "manufacturer_id", "vendor_id", "sale_price", "purchase_price", "quantity_on_hand", "created_at", "updated_at") VALUES (?, ?, ?, ?, ?, ?, ?, ?, ?, ?, ?)  [["name", "MRI Machine X-280 Chip"], ["image", "productImage4.jpg"], ["description", "The new generate chip makes the MRI machine twice as fast!"], ["category_id", 2], ["manufacturer_id", 1], ["vendor_id", 4], ["sale_price", 350.99], ["purchase_price", 539.99], ["quantity_on_hand", 15], ["created_at", "2016-05-10 01:59:38.141156"], ["updated_at", "2016-05-10 01:59:38.141156"]]
  [1m[36m (1.0ms)[0m  [1mcommit transaction[0m
  [1m[35m (0.1ms)[0m  begin transaction
  [1m[36mSQL (0.2ms)[0m  [1mINSERT INTO "products" ("name", "image", "description", "category_id", "manufacturer_id", "vendor_id", "sale_price", "purchase_price", "quantity_on_hand", "created_at", "updated_at") VALUES (?, ?, ?, ?, ?, ?, ?, ?, ?, ?, ?)[0m  [["name", "MRI Machine"], ["image", "productImage5.jpg"], ["description", "This MRI Machine is the newest model around and completely new!"], ["category_id", 2], ["manufacturer_id", 1], ["vendor_id", 1], ["sale_price", 5000.0], ["purchase_price", 6549.99], ["quantity_on_hand", 5], ["created_at", "2016-05-10 01:59:38.145336"], ["updated_at", "2016-05-10 01:59:38.145336"]]
  [1m[35m (1.0ms)[0m  commit transaction
  [1m[36m (0.1ms)[0m  [1mbegin transaction[0m
  [1m[35mSQL (0.2ms)[0m  INSERT INTO "products" ("name", "image", "description", "category_id", "manufacturer_id", "vendor_id", "sale_price", "purchase_price", "quantity_on_hand", "created_at", "updated_at") VALUES (?, ?, ?, ?, ?, ?, ?, ?, ?, ?, ?)  [["name", "MRI Spindel Drive"], ["image", "productImage6.jpg"], ["description", "The spindel drive does to cryptic shit. No one knows what it is, but it's necessary."], ["category_id", 2], ["manufacturer_id", 1], ["vendor_id", 2], ["sale_price", 149.99], ["purchase_price", 199.99], ["quantity_on_hand", 10], ["created_at", "2016-05-10 01:59:38.148947"], ["updated_at", "2016-05-10 01:59:38.148947"]]
  [1m[36m (0.9ms)[0m  [1mcommit transaction[0m
  [1m[35m (0.1ms)[0m  begin transaction
  [1m[36mSQL (0.3ms)[0m  [1mINSERT INTO "products" ("name", "image", "description", "category_id", "manufacturer_id", "vendor_id", "sale_price", "purchase_price", "quantity_on_hand", "created_at", "updated_at") VALUES (?, ?, ?, ?, ?, ?, ?, ?, ?, ?, ?)[0m  [["name", "Heart Rate Monitor Model 480-X"], ["image", "productImage7.jpg"], ["description", "This heart rate monitor is easy to configure and does other shit."], ["category_id", 3], ["manufacturer_id", 1], ["vendor_id", 3], ["sale_price", 1499.99], ["purchase_price", 1699.99], ["quantity_on_hand", 10], ["created_at", "2016-05-10 01:59:38.158774"], ["updated_at", "2016-05-10 01:59:38.158774"]]
  [1m[35m (1.0ms)[0m  commit transaction
  [1m[36m (0.1ms)[0m  [1mbegin transaction[0m
  [1m[35mSQL (0.2ms)[0m  INSERT INTO "products" ("name", "image", "description", "category_id", "manufacturer_id", "vendor_id", "sale_price", "purchase_price", "quantity_on_hand", "created_at", "updated_at") VALUES (?, ?, ?, ?, ?, ?, ?, ?, ?, ?, ?)  [["name", "DefiMax Biphasic Defibrillator"], ["image", "productImage8.jpg"], ["description", "Bring your patients back to life with this amazing technology."], ["category_id", 3], ["manufacturer_id", 1], ["vendor_id", 4], ["sale_price", 1499.99], ["purchase_price", 1699.99], ["quantity_on_hand", 10], ["created_at", "2016-05-10 01:59:38.162558"], ["updated_at", "2016-05-10 01:59:38.162558"]]
  [1m[36m (0.7ms)[0m  [1mcommit transaction[0m
  [1m[35m (0.1ms)[0m  begin transaction
  [1m[36mSQL (0.2ms)[0m  [1mINSERT INTO "products" ("name", "image", "description", "category_id", "manufacturer_id", "vendor_id", "sale_price", "purchase_price", "quantity_on_hand", "created_at", "updated_at") VALUES (?, ?, ?, ?, ?, ?, ?, ?, ?, ?, ?)[0m  [["name", "Wearable Heart Rate Monitor"], ["image", "productImage9.jpg"], ["description", "Give this to your patients to monitor their heart health at home!"], ["category_id", 3], ["manufacturer_id", 1], ["vendor_id", 1], ["sale_price", 299.99], ["purchase_price", 399.99], ["quantity_on_hand", 10], ["created_at", "2016-05-10 01:59:38.165800"], ["updated_at", "2016-05-10 01:59:38.165800"]]
  [1m[35m (0.7ms)[0m  commit transaction
  [1m[36m (0.1ms)[0m  [1mbegin transaction[0m
  [1m[35mSQL (0.3ms)[0m  INSERT INTO "products" ("name", "image", "description", "category_id", "manufacturer_id", "vendor_id", "sale_price", "purchase_price", "quantity_on_hand", "created_at", "updated_at") VALUES (?, ?, ?, ?, ?, ?, ?, ?, ?, ?, ?)  [["name", "Mini-Mobile Ultrasound Machine"], ["image", "productImage10.jpg"], ["description", "Use this to look at babies and shit inside of pregnant women."], ["category_id", 4], ["manufacturer_id", 1], ["vendor_id", 2], ["sale_price", 899.99], ["purchase_price", 999.99], ["quantity_on_hand", 10], ["created_at", "2016-05-10 01:59:38.168938"], ["updated_at", "2016-05-10 01:59:38.168938"]]
  [1m[36m (0.8ms)[0m  [1mcommit transaction[0m
  [1m[35m (0.1ms)[0m  begin transaction
  [1m[36mSQL (0.2ms)[0m  [1mINSERT INTO "products" ("name", "image", "description", "category_id", "manufacturer_id", "vendor_id", "sale_price", "purchase_price", "quantity_on_hand", "created_at", "updated_at") VALUES (?, ?, ?, ?, ?, ?, ?, ?, ?, ?, ?)[0m  [["name", "Ultrasound Platform Model 3A-340"], ["image", "productImage11.jpg"], ["description", "The full package of Ultrasound technology to peer into the souls of your patients."], ["category_id", 4], ["manufacturer_id", 1], ["vendor_id", 3], ["sale_price", 1499.99], ["purchase_price", 1699.99], ["quantity_on_hand", 10], ["created_at", "2016-05-10 01:59:38.171919"], ["updated_at", "2016-05-10 01:59:38.171919"]]
  [1m[35m (1.0ms)[0m  commit transaction
  [1m[36m (0.1ms)[0m  [1mbegin transaction[0m
  [1m[35mSQL (0.2ms)[0m  INSERT INTO "products" ("name", "image", "description", "category_id", "manufacturer_id", "vendor_id", "sale_price", "purchase_price", "quantity_on_hand", "created_at", "updated_at") VALUES (?, ?, ?, ?, ?, ?, ?, ?, ?, ?, ?)  [["name", "Therapeutic Ultrasound Device Model 3M-68"], ["image", "productImage12.jpg"], ["description", "Treating injuries like bursitis is no walk in the park tho. Use this to treat that stuff."], ["category_id", 4], ["manufacturer_id", 1], ["vendor_id", 4], ["sale_price", 899.99], ["purchase_price", 1199.99], ["quantity_on_hand", 10], ["created_at", "2016-05-10 01:59:38.175080"], ["updated_at", "2016-05-10 01:59:38.175080"]]
  [1m[36m (0.9ms)[0m  [1mcommit transaction[0m


Started GET "/products" for ::1 at 2016-05-09 20:59:45 -0500
  [1m[36mActiveRecord::SchemaMigration Load (0.2ms)[0m  [1mSELECT "schema_migrations".* FROM "schema_migrations"[0m
Processing by ProductsController#index as HTML
  [1m[35mProduct Load (0.2ms)[0m  SELECT "products".* FROM "products"
  Rendered products/index.html.erb within layouts/application (14.9ms)
  Rendered layouts/_header.html.erb (5.0ms)
  Rendered layouts/_footer.html.erb (0.7ms)
Completed 200 OK in 786ms (Views: 770.2ms | ActiveRecord: 0.6ms)


Started GET "/assets/twitter-bootstrap-static/fontawesome.self-2fe4f8a61d73606fbcb036b41f380591906a4da65a9eb5ec0a210fe6980b2ca7.css?body=1" for ::1 at 2016-05-09 20:59:47 -0500


Started GET "/assets/clinics.self-e3b0c44298fc1c149afbf4c8996fb92427ae41e4649b934ca495991b7852b855.css?body=1" for ::1 at 2016-05-09 20:59:47 -0500


Started GET "/assets/bootstrap_and_overrides.self-2cb3834583dfbaf0a39c7139750bf963e05d79cbe811126997e013400be5d8dc.css?body=1" for ::1 at 2016-05-09 20:59:47 -0500


Started GET "/assets/categories.self-e3b0c44298fc1c149afbf4c8996fb92427ae41e4649b934ca495991b7852b855.css?body=1" for ::1 at 2016-05-09 20:59:47 -0500


Started GET "/assets/home.self-e3b0c44298fc1c149afbf4c8996fb92427ae41e4649b934ca495991b7852b855.css?body=1" for ::1 at 2016-05-09 20:59:47 -0500


Started GET "/assets/twitter-bootstrap-static/bootstrap.self-603f330c29af013305325569c8c75d03d688963abd8cde4fffec17b5ce417bfb.css?body=1" for ::1 at 2016-05-09 20:59:47 -0500


Started GET "/assets/manufacturers.self-e3b0c44298fc1c149afbf4c8996fb92427ae41e4649b934ca495991b7852b855.css?body=1" for ::1 at 2016-05-09 20:59:47 -0500


Started GET "/assets/scaffolds.self-17dbf804da02b917cb914ad9d22d504cf7463e85606807c6ccf0ac2c40031211.css?body=1" for ::1 at 2016-05-09 20:59:47 -0500


Started GET "/assets/products.self-e3b0c44298fc1c149afbf4c8996fb92427ae41e4649b934ca495991b7852b855.css?body=1" for ::1 at 2016-05-09 20:59:47 -0500


Started GET "/assets/vendors.self-e3b0c44298fc1c149afbf4c8996fb92427ae41e4649b934ca495991b7852b855.css?body=1" for ::1 at 2016-05-09 20:59:47 -0500


Started GET "/assets/application.self-a988fa18e9bcae2cfc43e62b18b490b36839e75a1b5e501bd7b8e0153eaa2b69.css?body=1" for ::1 at 2016-05-09 20:59:47 -0500


Started GET "/assets/jquery.self-660adc51e0224b731d29f575a6f1ec167ba08ad06ed5deca4f1e8654c135bf4c.js?body=1" for ::1 at 2016-05-09 20:59:47 -0500


Started GET "/assets/jquery_ujs.self-e87806d0cf4489aeb1bb7288016024e8de67fd18db693fe026fe3907581e53cd.js?body=1" for ::1 at 2016-05-09 20:59:47 -0500


Started GET "/assets/twitter/bootstrap/transition.self-09ff30b1e8a93d1f7728b9855f55d9c9d8d5734c8861e0d8139994e50944572a.js?body=1" for ::1 at 2016-05-09 20:59:47 -0500


Started GET "/assets/twitter/bootstrap/alert.self-a29e91e8cd3ddaba9bbc466901d53ec2127e9256b9b941905d525a3a716bd1a5.js?body=1" for ::1 at 2016-05-09 20:59:47 -0500


Started GET "/assets/twitter/bootstrap/modal.self-72f95ffa1071297725a9ac91989693d56d1abf23f441a47455073b0da2857a5b.js?body=1" for ::1 at 2016-05-09 20:59:47 -0500


Started GET "/assets/twitter/bootstrap/dropdown.self-9314126777c6be5443e37ea7f7967d7914d72b3e60449ba50edc967446373059.js?body=1" for ::1 at 2016-05-09 20:59:47 -0500


Started GET "/assets/twitter/bootstrap/scrollspy.self-a155b9d4b2f978905f0326c0f6635e1134fe91c6bfbfcbad079fa24a9fef2b0e.js?body=1" for ::1 at 2016-05-09 20:59:47 -0500


Started GET "/assets/twitter/bootstrap/tab.self-122235057fbd4c6c7da377d59dc58f47b44cb1088a2e38e6ee6ce9d8ac29a26a.js?body=1" for ::1 at 2016-05-09 20:59:47 -0500


Started GET "/assets/twitter/bootstrap/tooltip.self-11cf547be953f25f511cec668f6690473fd97b2f65502e4032f4030999a3f0c3.js?body=1" for ::1 at 2016-05-09 20:59:47 -0500


Started GET "/assets/twitter/bootstrap/popover.self-77d8e3a2499c1104ef146396a68b82469ee2bdb365199b874694698d10405e9a.js?body=1" for ::1 at 2016-05-09 20:59:47 -0500


Started GET "/assets/twitter/bootstrap/button.self-a6cb16785434acb365ae426aef9f1fce05ed553cae7a965e4471c3da71509175.js?body=1" for ::1 at 2016-05-09 20:59:47 -0500


Started GET "/assets/twitter/bootstrap/collapse.self-7dc8bfbc2fbfabd2bad62c58ff8ffeaf8f20fb87c7ca6cd35f06d4dc19632587.js?body=1" for ::1 at 2016-05-09 20:59:47 -0500


Started GET "/assets/twitter/bootstrap/affix.self-d2b642d8fbfc1d7041e2edefd66683ada567a980789dcd6f94fddda0b33408b5.js?body=1" for ::1 at 2016-05-09 20:59:47 -0500


Started GET "/assets/twitter/bootstrap/carousel.self-57eb8422043cf0a85b7a9dc6843916eb0a3e35b419c7798a5eb254b918997631.js?body=1" for ::1 at 2016-05-09 20:59:47 -0500


Started GET "/assets/twitter/bootstrap.self-fbfa5ad7d9aa0afe439ec4ff3883acc4cb92b62cb67c40d674320c9aa1d4642d.js?body=1" for ::1 at 2016-05-09 20:59:47 -0500


Started GET "/assets/turbolinks.self-c37727e9bd6b2735da5c311aa83fead54ed0be6cc8bd9a65309e9c5abe2cbfff.js?body=1" for ::1 at 2016-05-09 20:59:47 -0500


Started GET "/assets/bootstrap.self-fdc98dee79ee88255e10cac6caa91338165cb76cf0d263744d8d90011fc2ef8f.js?body=1" for ::1 at 2016-05-09 20:59:47 -0500


Started GET "/assets/categories.self-877aef30ae1b040ab8a3aba4e3e309a11d7f2612f44dde450b5c157aa5f95c05.js?body=1" for ::1 at 2016-05-09 20:59:47 -0500


Started GET "/assets/vendors.self-877aef30ae1b040ab8a3aba4e3e309a11d7f2612f44dde450b5c157aa5f95c05.js?body=1" for ::1 at 2016-05-09 20:59:47 -0500


Started GET "/assets/application.self-d2d80de774f1fbf27eef25f75dd7d6c5b616fd774d0fe7e7afde596ee48cb674.js?body=1" for ::1 at 2016-05-09 20:59:47 -0500


Started GET "/assets/manufacturers.self-877aef30ae1b040ab8a3aba4e3e309a11d7f2612f44dde450b5c157aa5f95c05.js?body=1" for ::1 at 2016-05-09 20:59:47 -0500


Started GET "/assets/products.self-877aef30ae1b040ab8a3aba4e3e309a11d7f2612f44dde450b5c157aa5f95c05.js?body=1" for ::1 at 2016-05-09 20:59:47 -0500


Started GET "/assets/home.self-877aef30ae1b040ab8a3aba4e3e309a11d7f2612f44dde450b5c157aa5f95c05.js?body=1" for ::1 at 2016-05-09 20:59:47 -0500


Started GET "/assets/clinics.self-877aef30ae1b040ab8a3aba4e3e309a11d7f2612f44dde450b5c157aa5f95c05.js?body=1" for ::1 at 2016-05-09 20:59:47 -0500


Started GET "/assets/storeLogo%20-%20small-1231151a6490b83ce01fa0b768f758aecfc711de95a5386b815ababe1621e9d9.png" for ::1 at 2016-05-09 20:59:47 -0500


Started GET "/assets/search_icon.png" for ::1 at 2016-05-09 20:59:47 -0500


Started GET "/home/contact" for ::1 at 2016-05-09 20:59:51 -0500
Processing by HomeController#contact as HTML
  Rendered home/contact.html.erb within layouts/application (0.4ms)
  Rendered layouts/_header.html.erb (2.2ms)
  Rendered layouts/_footer.html.erb (0.4ms)
Completed 200 OK in 86ms (Views: 85.0ms | ActiveRecord: 0.0ms)


Started GET "/home/catalog" for ::1 at 2016-05-09 20:59:52 -0500
Processing by HomeController#catalog as HTML
  [1m[36mProduct Load (0.4ms)[0m  [1mSELECT "products".* FROM "products"[0m
  Rendered home/catalog.html.erb within layouts/application (38.1ms)
  Rendered layouts/_header.html.erb (1.6ms)
  Rendered layouts/_footer.html.erb (0.0ms)
Completed 200 OK in 133ms (Views: 131.5ms | ActiveRecord: 0.4ms)


Started GET "/assets/productImage2-489860e6d1e3a3540a79fc4765a61914911a3cb67c74ffb57ce355ed5a987339.jpg" for ::1 at 2016-05-09 20:59:52 -0500


Started GET "/assets/productImage4-bc236773aaf0252a4de14008e77847d5876689ca2f5e4084efc55fec698b4e4d.jpg" for ::1 at 2016-05-09 20:59:52 -0500


Started GET "/assets/productImage8-745d2b12941f9d29082079cc4c6b4a40afa54c2eaec4326c71b44067141dc97e.jpg" for ::1 at 2016-05-09 20:59:52 -0500


Started GET "/assets/productImage3-5d7523f96473c01e0b025e9d668227ae34eca16270aa0eebc3e6b2734f38ee37.jpg" for ::1 at 2016-05-09 20:59:52 -0500


Started GET "/assets/productImage7-99ca7e4c542726ebd761ee58ff40d3f3970db0175b23a2dcd53f44062bd79d4e.jpg" for ::1 at 2016-05-09 20:59:52 -0500


Started GET "/assets/productImage6-6da5b5c3c8818826fd8c08a2f32e24846f07de7486c41f745986cb1443c21b50.jpg" for ::1 at 2016-05-09 20:59:52 -0500


Started GET "/assets/productImage10-d7d4d0f5cc948d6c2408898806c182f6cfed61b725fe1697cd6057a8298ee0eb.jpg" for ::1 at 2016-05-09 20:59:52 -0500


Started GET "/assets/productImage11-698ad5220ab6206e9e953d22af17da9f958a2ba7382a7f67cc0aa1828e1f0326.jpg" for ::1 at 2016-05-09 20:59:52 -0500


Started GET "/assets/productImage12-44cec4b88d51f207720e2cbb79c0129732cd51ba6101beeabeeb1b549bdda51b.jpg" for ::1 at 2016-05-09 20:59:52 -0500


Started GET "/products" for ::1 at 2016-05-09 20:59:56 -0500
Processing by ProductsController#index as HTML
  [1m[35mProduct Load (0.2ms)[0m  SELECT "products".* FROM "products"
  Rendered products/index.html.erb within layouts/application (5.6ms)
  Rendered layouts/_header.html.erb (2.9ms)
  Rendered layouts/_footer.html.erb (0.1ms)
Completed 200 OK in 144ms (Views: 142.3ms | ActiveRecord: 0.2ms)


Started GET "/home/catalog" for ::1 at 2016-05-09 21:00:01 -0500
Processing by HomeController#catalog as HTML
  [1m[36mProduct Load (0.2ms)[0m  [1mSELECT "products".* FROM "products"[0m
  Rendered home/catalog.html.erb within layouts/application (18.2ms)
  Rendered layouts/_header.html.erb (4.2ms)
  Rendered layouts/_footer.html.erb (0.1ms)
Completed 200 OK in 125ms (Views: 124.0ms | ActiveRecord: 0.2ms)


Started GET "/home/catalog" for ::1 at 2016-05-09 21:00:47 -0500
Processing by HomeController#catalog as HTML
  [1m[35mProduct Load (0.2ms)[0m  SELECT "products".* FROM "products"
  Rendered home/catalog.html.erb within layouts/application (29.6ms)
  Rendered layouts/_header.html.erb (3.3ms)
  Rendered layouts/_footer.html.erb (0.1ms)
Completed 200 OK in 160ms (Views: 158.7ms | ActiveRecord: 0.2ms)


Started GET "/home/catalog" for ::1 at 2016-05-09 21:00:48 -0500
Processing by HomeController#catalog as HTML
  [1m[36mProduct Load (0.2ms)[0m  [1mSELECT "products".* FROM "products"[0m
  Rendered home/catalog.html.erb within layouts/application (15.7ms)
  Rendered layouts/_header.html.erb (1.4ms)
  Rendered layouts/_footer.html.erb (0.0ms)
Completed 200 OK in 132ms (Views: 130.8ms | ActiveRecord: 0.2ms)


Started GET "/home/catalog" for ::1 at 2016-05-09 21:00:49 -0500
Processing by HomeController#catalog as HTML
  [1m[35mProduct Load (0.2ms)[0m  SELECT "products".* FROM "products"
  Rendered home/catalog.html.erb within layouts/application (16.9ms)
  Rendered layouts/_header.html.erb (2.5ms)
  Rendered layouts/_footer.html.erb (0.1ms)
Completed 200 OK in 133ms (Views: 131.7ms | ActiveRecord: 0.2ms)


Started GET "/vendors" for ::1 at 2016-05-09 21:00:59 -0500
Processing by VendorsController#index as HTML
  [1m[36mVendor Load (0.2ms)[0m  [1mSELECT "vendors".* FROM "vendors"[0m
  Rendered vendors/index.html.erb within layouts/application (8.6ms)
  Rendered layouts/_header.html.erb (3.6ms)
  Rendered layouts/_footer.html.erb (0.1ms)
Completed 200 OK in 117ms (Views: 106.9ms | ActiveRecord: 0.5ms)


Started GET "/assets/search_icon.png" for ::1 at 2016-05-09 21:00:59 -0500


Started GET "/vendors/1" for ::1 at 2016-05-09 21:01:01 -0500
Processing by VendorsController#show as HTML
  Parameters: {"id"=>"1"}
  [1m[35mVendor Load (10.5ms)[0m  SELECT  "vendors".* FROM "vendors" WHERE "vendors"."id" = ? LIMIT 1  [["id", 1]]
  [1m[36mProduct Load (0.3ms)[0m  [1mSELECT "products".* FROM "products" WHERE "products"."vendor_id" = ?[0m  [["vendor_id", 1]]
  Rendered vendors/show.html.erb within layouts/application (14.5ms)
  Rendered layouts/_header.html.erb (1.5ms)
  Rendered layouts/_footer.html.erb (0.1ms)
Completed 200 OK in 157ms (Views: 106.5ms | ActiveRecord: 10.7ms)


Started GET "/vendors" for ::1 at 2016-05-09 21:01:09 -0500
Processing by VendorsController#index as HTML
  [1m[35mVendor Load (0.2ms)[0m  SELECT "vendors".* FROM "vendors"
  Rendered vendors/index.html.erb within layouts/application (2.8ms)
  Rendered layouts/_header.html.erb (5.1ms)
  Rendered layouts/_footer.html.erb (0.1ms)
Completed 200 OK in 104ms (Views: 102.7ms | ActiveRecord: 0.2ms)


Started GET "/assets/search_icon.png" for ::1 at 2016-05-09 21:01:09 -0500


Started GET "/products" for ::1 at 2016-05-09 21:01:11 -0500
Processing by ProductsController#index as HTML
  [1m[36mProduct Load (0.3ms)[0m  [1mSELECT "products".* FROM "products"[0m
  Rendered products/index.html.erb within layouts/application (12.7ms)
  Rendered layouts/_header.html.erb (2.3ms)
  Rendered layouts/_footer.html.erb (0.1ms)
Completed 200 OK in 139ms (Views: 137.7ms | ActiveRecord: 0.3ms)


Started GET "/assets/search_icon.png" for ::1 at 2016-05-09 21:01:11 -0500


Started GET "/productSearch" for ::1 at 2016-05-09 21:01:12 -0500

ActionController::RoutingError (No route matches [GET] "/productSearch"):
  actionpack (4.2.6) lib/action_dispatch/middleware/debug_exceptions.rb:21:in `call'
  web-console (2.3.0) lib/web_console/middleware.rb:28:in `block in call'
  web-console (2.3.0) lib/web_console/middleware.rb:18:in `catch'
  web-console (2.3.0) lib/web_console/middleware.rb:18:in `call'
  actionpack (4.2.6) lib/action_dispatch/middleware/show_exceptions.rb:30:in `call'
  railties (4.2.6) lib/rails/rack/logger.rb:38:in `call_app'
  railties (4.2.6) lib/rails/rack/logger.rb:20:in `block in call'
  activesupport (4.2.6) lib/active_support/tagged_logging.rb:68:in `block in tagged'
  activesupport (4.2.6) lib/active_support/tagged_logging.rb:26:in `tagged'
  activesupport (4.2.6) lib/active_support/tagged_logging.rb:68:in `tagged'
  railties (4.2.6) lib/rails/rack/logger.rb:20:in `call'
  actionpack (4.2.6) lib/action_dispatch/middleware/request_id.rb:21:in `call'
  rack (1.6.4) lib/rack/methodoverride.rb:22:in `call'
  rack (1.6.4) lib/rack/runtime.rb:18:in `call'
  activesupport (4.2.6) lib/active_support/cache/strategy/local_cache_middleware.rb:28:in `call'
  rack (1.6.4) lib/rack/lock.rb:17:in `call'
  actionpack (4.2.6) lib/action_dispatch/middleware/static.rb:120:in `call'
  rack (1.6.4) lib/rack/sendfile.rb:113:in `call'
  railties (4.2.6) lib/rails/engine.rb:518:in `call'
  railties (4.2.6) lib/rails/application.rb:165:in `call'
  rack (1.6.4) lib/rack/lock.rb:17:in `call'
  rack (1.6.4) lib/rack/content_length.rb:15:in `call'
  rack (1.6.4) lib/rack/handler/webrick.rb:88:in `service'
  /Users/cnowak7/.rvm/rubies/ruby-2.3.0/lib/ruby/2.3.0/webrick/httpserver.rb:140:in `service'
  /Users/cnowak7/.rvm/rubies/ruby-2.3.0/lib/ruby/2.3.0/webrick/httpserver.rb:96:in `run'
  /Users/cnowak7/.rvm/rubies/ruby-2.3.0/lib/ruby/2.3.0/webrick/server.rb:296:in `block in start_thread'


  Rendered /Users/cnowak7/.rvm/gems/ruby-2.3.0/gems/actionpack-4.2.6/lib/action_dispatch/middleware/templates/rescues/_trace.html.erb (3.2ms)
  Rendered /Users/cnowak7/.rvm/gems/ruby-2.3.0/gems/actionpack-4.2.6/lib/action_dispatch/middleware/templates/routes/_route.html.erb (4.1ms)
  Rendered /Users/cnowak7/.rvm/gems/ruby-2.3.0/gems/actionpack-4.2.6/lib/action_dispatch/middleware/templates/routes/_table.html.erb (45.6ms)
  Rendered /Users/cnowak7/.rvm/gems/ruby-2.3.0/gems/actionpack-4.2.6/lib/action_dispatch/middleware/templates/rescues/_request_and_response.html.erb (2.3ms)
  Rendered /Users/cnowak7/.rvm/gems/ruby-2.3.0/gems/actionpack-4.2.6/lib/action_dispatch/middleware/templates/rescues/routing_error.html.erb within rescues/layout (152.9ms)
  Rendered /Users/cnowak7/.rvm/gems/ruby-2.3.0/gems/web-console-2.3.0/lib/web_console/templates/_markup.html.erb (0.8ms)
  Rendered /Users/cnowak7/.rvm/gems/ruby-2.3.0/gems/web-console-2.3.0/lib/web_console/templates/_inner_console_markup.html.erb within layouts/inlined_string (0.4ms)
  Rendered /Users/cnowak7/.rvm/gems/ruby-2.3.0/gems/web-console-2.3.0/lib/web_console/templates/_prompt_box_markup.html.erb within layouts/inlined_string (0.3ms)
  Rendered /Users/cnowak7/.rvm/gems/ruby-2.3.0/gems/web-console-2.3.0/lib/web_console/templates/style.css.erb within layouts/inlined_string (0.4ms)
  Rendered /Users/cnowak7/.rvm/gems/ruby-2.3.0/gems/web-console-2.3.0/lib/web_console/templates/console.js.erb within layouts/javascript (53.2ms)
  Rendered /Users/cnowak7/.rvm/gems/ruby-2.3.0/gems/web-console-2.3.0/lib/web_console/templates/main.js.erb within layouts/javascript (0.4ms)
  Rendered /Users/cnowak7/.rvm/gems/ruby-2.3.0/gems/web-console-2.3.0/lib/web_console/templates/error_page.js.erb within layouts/javascript (0.6ms)
  Rendered /Users/cnowak7/.rvm/gems/ruby-2.3.0/gems/web-console-2.3.0/lib/web_console/templates/index.html.erb (134.2ms)


Started GET "/home/productSearch" for ::1 at 2016-05-09 21:01:18 -0500
Processing by HomeController#productSearch as HTML
  Rendered home/productSearch.html.erb within layouts/application (3.3ms)
  Rendered layouts/_header.html.erb (1.5ms)
  Rendered layouts/_footer.html.erb (0.0ms)
Completed 200 OK in 102ms (Views: 101.5ms | ActiveRecord: 0.0ms)


Started GET "/home/productSearch" for ::1 at 2016-05-09 21:01:51 -0500
Processing by HomeController#productSearch as HTML
  Rendered home/productSearch.html.erb within layouts/application (1.3ms)
  Rendered layouts/_header.html.erb (2.9ms)
  Rendered layouts/_footer.html.erb (0.1ms)
Completed 200 OK in 100ms (Views: 99.1ms | ActiveRecord: 0.0ms)


Started GET "/assets/twitter-bootstrap-static/bootstrap.self-603f330c29af013305325569c8c75d03d688963abd8cde4fffec17b5ce417bfb.css?body=1" for ::1 at 2016-05-09 21:01:51 -0500


Started GET "/assets/clinics.self-e3b0c44298fc1c149afbf4c8996fb92427ae41e4649b934ca495991b7852b855.css?body=1" for ::1 at 2016-05-09 21:01:51 -0500


Started GET "/assets/categories.self-e3b0c44298fc1c149afbf4c8996fb92427ae41e4649b934ca495991b7852b855.css?body=1" for ::1 at 2016-05-09 21:01:52 -0500


Started GET "/assets/manufacturers.self-e3b0c44298fc1c149afbf4c8996fb92427ae41e4649b934ca495991b7852b855.css?body=1" for ::1 at 2016-05-09 21:01:52 -0500


Started GET "/assets/twitter-bootstrap-static/fontawesome.self-2fe4f8a61d73606fbcb036b41f380591906a4da65a9eb5ec0a210fe6980b2ca7.css?body=1" for ::1 at 2016-05-09 21:01:52 -0500


Started GET "/assets/home.self-e3b0c44298fc1c149afbf4c8996fb92427ae41e4649b934ca495991b7852b855.css?body=1" for ::1 at 2016-05-09 21:01:52 -0500


Started GET "/assets/products.self-e3b0c44298fc1c149afbf4c8996fb92427ae41e4649b934ca495991b7852b855.css?body=1" for ::1 at 2016-05-09 21:01:52 -0500


Started GET "/assets/bootstrap_and_overrides.self-2cb3834583dfbaf0a39c7139750bf963e05d79cbe811126997e013400be5d8dc.css?body=1" for ::1 at 2016-05-09 21:01:52 -0500


Started GET "/assets/scaffolds.self-17dbf804da02b917cb914ad9d22d504cf7463e85606807c6ccf0ac2c40031211.css?body=1" for ::1 at 2016-05-09 21:01:52 -0500


Started GET "/assets/vendors.self-e3b0c44298fc1c149afbf4c8996fb92427ae41e4649b934ca495991b7852b855.css?body=1" for ::1 at 2016-05-09 21:01:52 -0500


Started GET "/assets/application.self-a988fa18e9bcae2cfc43e62b18b490b36839e75a1b5e501bd7b8e0153eaa2b69.css?body=1" for ::1 at 2016-05-09 21:01:52 -0500


Started GET "/assets/jquery.self-660adc51e0224b731d29f575a6f1ec167ba08ad06ed5deca4f1e8654c135bf4c.js?body=1" for ::1 at 2016-05-09 21:01:52 -0500


Started GET "/assets/jquery_ujs.self-e87806d0cf4489aeb1bb7288016024e8de67fd18db693fe026fe3907581e53cd.js?body=1" for ::1 at 2016-05-09 21:01:52 -0500


Started GET "/assets/twitter/bootstrap/transition.self-09ff30b1e8a93d1f7728b9855f55d9c9d8d5734c8861e0d8139994e50944572a.js?body=1" for ::1 at 2016-05-09 21:01:52 -0500


Started GET "/assets/twitter/bootstrap/alert.self-a29e91e8cd3ddaba9bbc466901d53ec2127e9256b9b941905d525a3a716bd1a5.js?body=1" for ::1 at 2016-05-09 21:01:52 -0500


Started GET "/assets/twitter/bootstrap/modal.self-72f95ffa1071297725a9ac91989693d56d1abf23f441a47455073b0da2857a5b.js?body=1" for ::1 at 2016-05-09 21:01:52 -0500


Started GET "/assets/twitter/bootstrap/dropdown.self-9314126777c6be5443e37ea7f7967d7914d72b3e60449ba50edc967446373059.js?body=1" for ::1 at 2016-05-09 21:01:52 -0500


Started GET "/assets/twitter/bootstrap/scrollspy.self-a155b9d4b2f978905f0326c0f6635e1134fe91c6bfbfcbad079fa24a9fef2b0e.js?body=1" for ::1 at 2016-05-09 21:01:52 -0500


Started GET "/assets/twitter/bootstrap/tab.self-122235057fbd4c6c7da377d59dc58f47b44cb1088a2e38e6ee6ce9d8ac29a26a.js?body=1" for ::1 at 2016-05-09 21:01:52 -0500


Started GET "/assets/twitter/bootstrap/tooltip.self-11cf547be953f25f511cec668f6690473fd97b2f65502e4032f4030999a3f0c3.js?body=1" for ::1 at 2016-05-09 21:01:52 -0500


Started GET "/assets/twitter/bootstrap/popover.self-77d8e3a2499c1104ef146396a68b82469ee2bdb365199b874694698d10405e9a.js?body=1" for ::1 at 2016-05-09 21:01:52 -0500


Started GET "/assets/twitter/bootstrap/button.self-a6cb16785434acb365ae426aef9f1fce05ed553cae7a965e4471c3da71509175.js?body=1" for ::1 at 2016-05-09 21:01:52 -0500


Started GET "/assets/twitter/bootstrap/collapse.self-7dc8bfbc2fbfabd2bad62c58ff8ffeaf8f20fb87c7ca6cd35f06d4dc19632587.js?body=1" for ::1 at 2016-05-09 21:01:52 -0500


Started GET "/assets/twitter/bootstrap/carousel.self-57eb8422043cf0a85b7a9dc6843916eb0a3e35b419c7798a5eb254b918997631.js?body=1" for ::1 at 2016-05-09 21:01:52 -0500


Started GET "/assets/twitter/bootstrap/affix.self-d2b642d8fbfc1d7041e2edefd66683ada567a980789dcd6f94fddda0b33408b5.js?body=1" for ::1 at 2016-05-09 21:01:52 -0500


Started GET "/assets/twitter/bootstrap.self-fbfa5ad7d9aa0afe439ec4ff3883acc4cb92b62cb67c40d674320c9aa1d4642d.js?body=1" for ::1 at 2016-05-09 21:01:52 -0500


Started GET "/assets/turbolinks.self-c37727e9bd6b2735da5c311aa83fead54ed0be6cc8bd9a65309e9c5abe2cbfff.js?body=1" for ::1 at 2016-05-09 21:01:52 -0500


Started GET "/assets/bootstrap.self-fdc98dee79ee88255e10cac6caa91338165cb76cf0d263744d8d90011fc2ef8f.js?body=1" for ::1 at 2016-05-09 21:01:52 -0500


Started GET "/assets/categories.self-877aef30ae1b040ab8a3aba4e3e309a11d7f2612f44dde450b5c157aa5f95c05.js?body=1" for ::1 at 2016-05-09 21:01:52 -0500


Started GET "/assets/clinics.self-877aef30ae1b040ab8a3aba4e3e309a11d7f2612f44dde450b5c157aa5f95c05.js?body=1" for ::1 at 2016-05-09 21:01:52 -0500


Started GET "/assets/home.self-877aef30ae1b040ab8a3aba4e3e309a11d7f2612f44dde450b5c157aa5f95c05.js?body=1" for ::1 at 2016-05-09 21:01:52 -0500


Started GET "/assets/manufacturers.self-877aef30ae1b040ab8a3aba4e3e309a11d7f2612f44dde450b5c157aa5f95c05.js?body=1" for ::1 at 2016-05-09 21:01:52 -0500


Started GET "/assets/products.self-877aef30ae1b040ab8a3aba4e3e309a11d7f2612f44dde450b5c157aa5f95c05.js?body=1" for ::1 at 2016-05-09 21:01:52 -0500


Started GET "/assets/vendors.self-877aef30ae1b040ab8a3aba4e3e309a11d7f2612f44dde450b5c157aa5f95c05.js?body=1" for ::1 at 2016-05-09 21:01:52 -0500


Started GET "/assets/application.self-d2d80de774f1fbf27eef25f75dd7d6c5b616fd774d0fe7e7afde596ee48cb674.js?body=1" for ::1 at 2016-05-09 21:01:52 -0500


Started GET "/assets/storeLogo%20-%20small-1231151a6490b83ce01fa0b768f758aecfc711de95a5386b815ababe1621e9d9.png" for ::1 at 2016-05-09 21:01:52 -0500


Started POST "/home/productSearch" for ::1 at 2016-05-09 21:01:58 -0500
Processing by HomeController#productSearch as HTML
  Parameters: {"utf8"=>"✓", "authenticity_token"=>"HIABU/qFcq8m4wSWpxvD3EDyymVqp1k8tMhVzkrvjwW6xQoxnugF2Q3+jhH85yEkwe/htOATrU31QLSZsGR+Bg==", "searchInput"=>"heart", "commit"=>"Search"}
  [1m[35mProduct Load (0.2ms)[0m  SELECT "products".* FROM "products" WHERE (description like '%heart%' or name like '%heart%')
  Rendered home/productSearch.html.erb within layouts/application (27.2ms)
Completed 500 Internal Server Error in 36ms (ActiveRecord: 0.2ms)

ActionView::Template::Error (undefined method `salePrice' for #<Product:0x007ff606f1fe10>
Did you mean?  sale_price
               sale_price?
               sale_price=):
    19: 				<td><%= link_to p.name, product_path(p.id) %></td>
    20: 				<td><%= image_tag p.image, size: "400x200" %></td>
    21: 				<td><%= p.description %></td>
    22: 				<td><%= number_to_currency(p.salePrice) %> </td>
    23: 				</tr>
    24: 			<% end %>
    25: 			</table>
  app/views/home/productSearch.html.erb:22:in `block (2 levels) in _app_views_home_product_earch_html_erb___1701080498526365683_70347300471100'
  app/views/home/productSearch.html.erb:17:in `block in _app_views_home_product_earch_html_erb___1701080498526365683_70347300471100'
  app/views/home/productSearch.html.erb:2:in `_app_views_home_product_earch_html_erb___1701080498526365683_70347300471100'


  Rendered /Users/cnowak7/.rvm/gems/ruby-2.3.0/gems/actionpack-4.2.6/lib/action_dispatch/middleware/templates/rescues/_source.erb (9.0ms)
  Rendered /Users/cnowak7/.rvm/gems/ruby-2.3.0/gems/actionpack-4.2.6/lib/action_dispatch/middleware/templates/rescues/_trace.html.erb (3.0ms)
  Rendered /Users/cnowak7/.rvm/gems/ruby-2.3.0/gems/actionpack-4.2.6/lib/action_dispatch/middleware/templates/rescues/_request_and_response.html.erb (1.2ms)
  Rendered /Users/cnowak7/.rvm/gems/ruby-2.3.0/gems/actionpack-4.2.6/lib/action_dispatch/middleware/templates/rescues/template_error.html.erb within rescues/layout (64.3ms)
  Rendered /Users/cnowak7/.rvm/gems/ruby-2.3.0/gems/web-console-2.3.0/lib/web_console/templates/_markup.html.erb (0.6ms)
  Rendered /Users/cnowak7/.rvm/gems/ruby-2.3.0/gems/web-console-2.3.0/lib/web_console/templates/_inner_console_markup.html.erb within layouts/inlined_string (0.4ms)
  Rendered /Users/cnowak7/.rvm/gems/ruby-2.3.0/gems/web-console-2.3.0/lib/web_console/templates/_prompt_box_markup.html.erb within layouts/inlined_string (0.3ms)
  Rendered /Users/cnowak7/.rvm/gems/ruby-2.3.0/gems/web-console-2.3.0/lib/web_console/templates/style.css.erb within layouts/inlined_string (0.4ms)
  Rendered /Users/cnowak7/.rvm/gems/ruby-2.3.0/gems/web-console-2.3.0/lib/web_console/templates/console.js.erb within layouts/javascript (54.5ms)
  Rendered /Users/cnowak7/.rvm/gems/ruby-2.3.0/gems/web-console-2.3.0/lib/web_console/templates/main.js.erb within layouts/javascript (0.5ms)
  Rendered /Users/cnowak7/.rvm/gems/ruby-2.3.0/gems/web-console-2.3.0/lib/web_console/templates/error_page.js.erb within layouts/javascript (0.5ms)
  Rendered /Users/cnowak7/.rvm/gems/ruby-2.3.0/gems/web-console-2.3.0/lib/web_console/templates/index.html.erb (117.0ms)


Started POST "/home/productSearch" for ::1 at 2016-05-09 21:02:06 -0500
Processing by HomeController#productSearch as HTML
  Parameters: {"utf8"=>"✓", "authenticity_token"=>"HIABU/qFcq8m4wSWpxvD3EDyymVqp1k8tMhVzkrvjwW6xQoxnugF2Q3+jhH85yEkwe/htOATrU31QLSZsGR+Bg==", "searchInput"=>"heart", "commit"=>"Search"}
  [1m[36mProduct Load (0.2ms)[0m  [1mSELECT "products".* FROM "products" WHERE (description like '%heart%' or name like '%heart%')[0m
  Rendered home/productSearch.html.erb within layouts/application (8.3ms)
  Rendered layouts/_header.html.erb (3.3ms)
  Rendered layouts/_footer.html.erb (0.1ms)
Completed 200 OK in 131ms (Views: 130.3ms | ActiveRecord: 0.2ms)


Started GET "/assets/twitter-bootstrap-static/fontawesome.self-2fe4f8a61d73606fbcb036b41f380591906a4da65a9eb5ec0a210fe6980b2ca7.css?body=1" for ::1 at 2016-05-09 21:02:06 -0500


Started GET "/assets/bootstrap_and_overrides.self-2cb3834583dfbaf0a39c7139750bf963e05d79cbe811126997e013400be5d8dc.css?body=1" for ::1 at 2016-05-09 21:02:06 -0500


Started GET "/assets/manufacturers.self-e3b0c44298fc1c149afbf4c8996fb92427ae41e4649b934ca495991b7852b855.css?body=1" for ::1 at 2016-05-09 21:02:06 -0500


Started GET "/assets/products.self-e3b0c44298fc1c149afbf4c8996fb92427ae41e4649b934ca495991b7852b855.css?body=1" for ::1 at 2016-05-09 21:02:06 -0500


Started GET "/assets/twitter-bootstrap-static/bootstrap.self-603f330c29af013305325569c8c75d03d688963abd8cde4fffec17b5ce417bfb.css?body=1" for ::1 at 2016-05-09 21:02:06 -0500


Started GET "/assets/scaffolds.self-17dbf804da02b917cb914ad9d22d504cf7463e85606807c6ccf0ac2c40031211.css?body=1" for ::1 at 2016-05-09 21:02:06 -0500


Started GET "/assets/clinics.self-e3b0c44298fc1c149afbf4c8996fb92427ae41e4649b934ca495991b7852b855.css?body=1" for ::1 at 2016-05-09 21:02:06 -0500


Started GET "/assets/home.self-e3b0c44298fc1c149afbf4c8996fb92427ae41e4649b934ca495991b7852b855.css?body=1" for ::1 at 2016-05-09 21:02:06 -0500


Started GET "/assets/categories.self-e3b0c44298fc1c149afbf4c8996fb92427ae41e4649b934ca495991b7852b855.css?body=1" for ::1 at 2016-05-09 21:02:06 -0500


Started GET "/assets/vendors.self-e3b0c44298fc1c149afbf4c8996fb92427ae41e4649b934ca495991b7852b855.css?body=1" for ::1 at 2016-05-09 21:02:06 -0500


Started GET "/assets/application.self-a988fa18e9bcae2cfc43e62b18b490b36839e75a1b5e501bd7b8e0153eaa2b69.css?body=1" for ::1 at 2016-05-09 21:02:06 -0500


Started GET "/assets/jquery.self-660adc51e0224b731d29f575a6f1ec167ba08ad06ed5deca4f1e8654c135bf4c.js?body=1" for ::1 at 2016-05-09 21:02:06 -0500


Started GET "/assets/jquery_ujs.self-e87806d0cf4489aeb1bb7288016024e8de67fd18db693fe026fe3907581e53cd.js?body=1" for ::1 at 2016-05-09 21:02:06 -0500


Started GET "/assets/twitter/bootstrap/transition.self-09ff30b1e8a93d1f7728b9855f55d9c9d8d5734c8861e0d8139994e50944572a.js?body=1" for ::1 at 2016-05-09 21:02:06 -0500


Started GET "/assets/twitter/bootstrap/alert.self-a29e91e8cd3ddaba9bbc466901d53ec2127e9256b9b941905d525a3a716bd1a5.js?body=1" for ::1 at 2016-05-09 21:02:06 -0500


Started GET "/assets/twitter/bootstrap/modal.self-72f95ffa1071297725a9ac91989693d56d1abf23f441a47455073b0da2857a5b.js?body=1" for ::1 at 2016-05-09 21:02:06 -0500


Started GET "/assets/twitter/bootstrap/dropdown.self-9314126777c6be5443e37ea7f7967d7914d72b3e60449ba50edc967446373059.js?body=1" for ::1 at 2016-05-09 21:02:06 -0500


Started GET "/assets/twitter/bootstrap/scrollspy.self-a155b9d4b2f978905f0326c0f6635e1134fe91c6bfbfcbad079fa24a9fef2b0e.js?body=1" for ::1 at 2016-05-09 21:02:06 -0500


Started GET "/assets/twitter/bootstrap/tab.self-122235057fbd4c6c7da377d59dc58f47b44cb1088a2e38e6ee6ce9d8ac29a26a.js?body=1" for ::1 at 2016-05-09 21:02:06 -0500


Started GET "/assets/twitter/bootstrap/tooltip.self-11cf547be953f25f511cec668f6690473fd97b2f65502e4032f4030999a3f0c3.js?body=1" for ::1 at 2016-05-09 21:02:06 -0500


Started GET "/assets/twitter/bootstrap/button.self-a6cb16785434acb365ae426aef9f1fce05ed553cae7a965e4471c3da71509175.js?body=1" for ::1 at 2016-05-09 21:02:06 -0500


Started GET "/assets/twitter/bootstrap/popover.self-77d8e3a2499c1104ef146396a68b82469ee2bdb365199b874694698d10405e9a.js?body=1" for ::1 at 2016-05-09 21:02:06 -0500


Started GET "/assets/twitter/bootstrap/collapse.self-7dc8bfbc2fbfabd2bad62c58ff8ffeaf8f20fb87c7ca6cd35f06d4dc19632587.js?body=1" for ::1 at 2016-05-09 21:02:06 -0500


Started GET "/assets/twitter/bootstrap/carousel.self-57eb8422043cf0a85b7a9dc6843916eb0a3e35b419c7798a5eb254b918997631.js?body=1" for ::1 at 2016-05-09 21:02:06 -0500


Started GET "/assets/twitter/bootstrap/affix.self-d2b642d8fbfc1d7041e2edefd66683ada567a980789dcd6f94fddda0b33408b5.js?body=1" for ::1 at 2016-05-09 21:02:06 -0500


Started GET "/assets/twitter/bootstrap.self-fbfa5ad7d9aa0afe439ec4ff3883acc4cb92b62cb67c40d674320c9aa1d4642d.js?body=1" for ::1 at 2016-05-09 21:02:06 -0500


Started GET "/assets/turbolinks.self-c37727e9bd6b2735da5c311aa83fead54ed0be6cc8bd9a65309e9c5abe2cbfff.js?body=1" for ::1 at 2016-05-09 21:02:06 -0500


Started GET "/assets/bootstrap.self-fdc98dee79ee88255e10cac6caa91338165cb76cf0d263744d8d90011fc2ef8f.js?body=1" for ::1 at 2016-05-09 21:02:06 -0500


Started GET "/assets/categories.self-877aef30ae1b040ab8a3aba4e3e309a11d7f2612f44dde450b5c157aa5f95c05.js?body=1" for ::1 at 2016-05-09 21:02:06 -0500


Started GET "/assets/clinics.self-877aef30ae1b040ab8a3aba4e3e309a11d7f2612f44dde450b5c157aa5f95c05.js?body=1" for ::1 at 2016-05-09 21:02:06 -0500


Started GET "/assets/home.self-877aef30ae1b040ab8a3aba4e3e309a11d7f2612f44dde450b5c157aa5f95c05.js?body=1" for ::1 at 2016-05-09 21:02:06 -0500


Started GET "/assets/manufacturers.self-877aef30ae1b040ab8a3aba4e3e309a11d7f2612f44dde450b5c157aa5f95c05.js?body=1" for ::1 at 2016-05-09 21:02:06 -0500


Started GET "/assets/products.self-877aef30ae1b040ab8a3aba4e3e309a11d7f2612f44dde450b5c157aa5f95c05.js?body=1" for ::1 at 2016-05-09 21:02:06 -0500


Started GET "/assets/vendors.self-877aef30ae1b040ab8a3aba4e3e309a11d7f2612f44dde450b5c157aa5f95c05.js?body=1" for ::1 at 2016-05-09 21:02:06 -0500


Started GET "/assets/application.self-d2d80de774f1fbf27eef25f75dd7d6c5b616fd774d0fe7e7afde596ee48cb674.js?body=1" for ::1 at 2016-05-09 21:02:06 -0500


Started GET "/assets/storeLogo%20-%20small-1231151a6490b83ce01fa0b768f758aecfc711de95a5386b815ababe1621e9d9.png" for ::1 at 2016-05-09 21:02:06 -0500


Started GET "/assets/productImage9-7e16fff1308bb14b732aee021dee6177492563c248768c14bd8da571c3bcf7dc.jpg" for ::1 at 2016-05-09 21:02:06 -0500


Started POST "/home/productSearch" for ::1 at 2016-05-09 21:09:02 -0500
Processing by HomeController#productSearch as HTML
  Parameters: {"utf8"=>"✓", "authenticity_token"=>"HIABU/qFcq8m4wSWpxvD3EDyymVqp1k8tMhVzkrvjwW6xQoxnugF2Q3+jhH85yEkwe/htOATrU31QLSZsGR+Bg==", "searchInput"=>"heart", "commit"=>"Search"}
  [1m[35mProduct Load (2.9ms)[0m  SELECT "products".* FROM "products" WHERE (description like '%heart%' or name like '%heart%')
  Rendered home/productSearch.html.erb within layouts/application (62.0ms)
  Rendered layouts/_header.html.erb (5.1ms)
  Rendered layouts/_footer.html.erb (0.1ms)
Completed 200 OK in 298ms (Views: 283.3ms | ActiveRecord: 2.9ms)


Started GET "/assets/twitter-bootstrap-static/fontawesome.self-2fe4f8a61d73606fbcb036b41f380591906a4da65a9eb5ec0a210fe6980b2ca7.css?body=1" for ::1 at 2016-05-09 21:09:03 -0500


Started GET "/assets/scaffolds.self-17dbf804da02b917cb914ad9d22d504cf7463e85606807c6ccf0ac2c40031211.css?body=1" for ::1 at 2016-05-09 21:09:03 -0500


Started GET "/assets/application.self-a988fa18e9bcae2cfc43e62b18b490b36839e75a1b5e501bd7b8e0153eaa2b69.css?body=1" for ::1 at 2016-05-09 21:09:03 -0500


Started GET "/assets/storeLogo%20-%20small-1231151a6490b83ce01fa0b768f758aecfc711de95a5386b815ababe1621e9d9.png" for ::1 at 2016-05-09 21:09:03 -0500


Started GET "/home/catalog" for ::1 at 2016-05-09 21:09:04 -0500
Processing by HomeController#catalog as HTML
  [1m[36mProduct Load (0.3ms)[0m  [1mSELECT "products".* FROM "products"[0m
  Rendered home/catalog.html.erb within layouts/application (45.4ms)
  Rendered layouts/_header.html.erb (2.6ms)
  Rendered layouts/_footer.html.erb (0.1ms)
Completed 200 OK in 216ms (Views: 214.7ms | ActiveRecord: 0.3ms)


Started GET "/categories" for ::1 at 2016-05-09 21:09:05 -0500
Processing by CategoriesController#index as HTML
  [1m[35mCategory Load (0.2ms)[0m  SELECT "categories".* FROM "categories"
  Rendered categories/index.html.erb within layouts/application (7.8ms)
  Rendered layouts/_header.html.erb (2.8ms)
  Rendered layouts/_footer.html.erb (0.1ms)
Completed 200 OK in 128ms (Views: 121.7ms | ActiveRecord: 0.4ms)


Started GET "/categories/1" for ::1 at 2016-05-09 21:09:07 -0500
Processing by CategoriesController#show as HTML
  Parameters: {"id"=>"1"}
  [1m[36mCategory Load (0.2ms)[0m  [1mSELECT  "categories".* FROM "categories" WHERE "categories"."id" = ? LIMIT 1[0m  [["id", 1]]
  [1m[35mProduct Load (0.2ms)[0m  SELECT "products".* FROM "products" WHERE "products"."category_id" = ?  [["category_id", 1]]
  Rendered categories/show.html.erb within layouts/application (8.5ms)
  Rendered layouts/_header.html.erb (1.9ms)
  Rendered layouts/_footer.html.erb (0.1ms)
Completed 200 OK in 132ms (Views: 127.8ms | ActiveRecord: 0.4ms)


Started GET "/vendors" for ::1 at 2016-05-09 21:09:10 -0500
Processing by VendorsController#index as HTML
  [1m[36mVendor Load (0.2ms)[0m  [1mSELECT "vendors".* FROM "vendors"[0m
  Rendered vendors/index.html.erb within layouts/application (2.6ms)
  Rendered layouts/_header.html.erb (2.0ms)
  Rendered layouts/_footer.html.erb (0.1ms)
Completed 200 OK in 99ms (Views: 98.3ms | ActiveRecord: 0.2ms)


Started GET "/vendors/1" for ::1 at 2016-05-09 21:09:12 -0500
Processing by VendorsController#show as HTML
  Parameters: {"id"=>"1"}
  [1m[35mVendor Load (0.1ms)[0m  SELECT  "vendors".* FROM "vendors" WHERE "vendors"."id" = ? LIMIT 1  [["id", 1]]
  [1m[36mProduct Load (0.1ms)[0m  [1mSELECT "products".* FROM "products" WHERE "products"."vendor_id" = ?[0m  [["vendor_id", 1]]
  Rendered vendors/show.html.erb within layouts/application (8.2ms)
  Rendered layouts/_header.html.erb (3.1ms)
  Rendered layouts/_footer.html.erb (0.1ms)
Completed 200 OK in 123ms (Views: 120.8ms | ActiveRecord: 0.3ms)
